<?xml version="1.0" encoding="UTF-8"?>
<!-- Generated by org.testng.reporters.JUnitXMLReporter -->
<testsuite ignored="2" hostname="MT-PF23ZG5Z" failures="0" tests="3" name="Test" time="50.336" errors="0" timestamp="17 Aug 2022 04:20:32 GMT">
  <testcase classname="scripts.Login_1" name="Login" time="7.269"/>
  <testcase classname="scripts.BookHotel_2" name="BookHotel" time="24.182"/>
  <testcase classname="scripts.ContactPage_3" name="Contact_Page" time="11.749"/>
  <testcase classname="config.StartBrowser" name="@BeforeTest generateReport" time="0.0">
    <ignored/>
  </testcase> <!-- @BeforeTest generateReport -->
  <testcase classname="config.StartBrowser" name="@BeforeTest generateReport" time="0.0">
    <ignored/>
  </testcase> <!-- @BeforeTest generateReport -->
</testsuite> <!-- Test -->
